STDOUT:
CFG Debug Dump Before CP,DVE and TDB Loop
bb0: % preds = []
  %0 = param[0] [var a]
  %1 = param[1] [var b]
  %4 = add %0, %1
  %7 = sub %0, %1
  %10 = mul %0, %1
  %13 = div %0, %1
  %16 = gt %0, %1
  br_cond %16 ? bb1 : bb2


bb1: % preds = [bb0]
  %18 = const.i64 1
  %19 = add %4, %18
  br bb3


bb2: % preds = [bb0]
  %22 = const.i64 1
  %23 = sub %7, %22
  br bb3


bb3: % preds = [bb1, bb2]
  %38 = Φ(%19@bb1, %4@bb2) [var x]
  %39 = Φ(%7@bb1, %23@bb2) [var y]
  return %38



CFG Debug Dump After CP,DVE and TDB Loop
bb0: % preds = []
  %0 = param[0] [var a]
  %1 = param[1] [var b]
  %4 = add %0, %1
  %16 = gt %0, %1
  br_cond %16 ? bb1 : bb2


bb1: % preds = [bb0]
  %18 = const.i64 1
  %19 = add %4, %18
  br bb3


bb2: % preds = [bb0]
  br bb3


bb3: % preds = [bb1, bb2]
  %38 = Φ(%19@bb1, %4@bb2) [var x]
  return %38



CFG Graphviz Before and After After CP,DVE and TDB Loop:
digraph CFG {
  node [shape=box, fontname="Courier New", fontsize=10];
  edge [fontname="Courier New", fontsize=9];

  subgraph cluster_before {
    before_bb0 [label="bb0:\n  %0 = param[0] [var a]\n  %1 = param[1] [var b]\n  %4 = add %0, %1\n  %7 = sub %0, %1\n  %10 = mul %0, %1\n  %13 = div %0, %1\n  %16 = gt %0, %1\n  br_cond %16 ? bb1 : bb2\n"];
    before_bb0 -> before_bb1 [color=green];
    before_bb0 -> before_bb2 [color=red];
    before_bb1 [label="bb1:\n  %18 = const.i64 1\n  %19 = add %4, %18\n  br bb3\n"];
    before_bb1 -> before_bb3;
    before_bb2 [label="bb2:\n  %22 = const.i64 1\n  %23 = sub %7, %22\n  br bb3\n"];
    before_bb2 -> before_bb3;
    before_bb3 [label="bb3:\n  %38 = Φ(%19@bb1, %4@bb2) [var x]\n  %39 = Φ(%7@bb1, %23@bb2) [var y]\n  return %38\n"];
  }

  subgraph cluster_after {
    after_bb0 [label="bb0:\n  %0 = param[0] [var a]\n  %1 = param[1] [var b]\n  %4 = add %0, %1\n  %16 = gt %0, %1\n  br_cond %16 ? bb1 : bb2\n"];
    after_bb0 -> after_bb1 [color=green];
    after_bb0 -> after_bb2 [color=red];
    after_bb1 [label="bb1:\n  %18 = const.i64 1\n  %19 = add %4, %18\n  br bb3\n"];
    after_bb1 -> after_bb3;
    after_bb2 [label="bb2:\n  br bb3\n"];
    after_bb2 -> after_bb3;
    after_bb3 [label="bb3:\n  %38 = Φ(%19@bb1, %4@bb2) [var x]\n  return %38\n"];
  }

}

CFG for function foo:
bb0: % preds = []
  %0 = param[0] [var a]
  %1 = param[1] [var b]
  %4 = add %0, %1
  %16 = gt %0, %1
  br_cond %16 ? bb1 : bb2

bb1: % preds = [bb0]
  %18 = const.i64 1
  %19 = add %4, %18
  br bb3

bb2: % preds = [bb0]
  br bb3

bb3: % preds = [bb1, bb2]
  %38 = Φ(%19@bb1, %4@bb2) [var x]
  return %38



STDERR:
warning: unused value
  ┌─ demo/dead_values.c:6:13
  │
6 │     int z = a * b;
  │             ^^^^^ this value is computed but never used

warning: unused value
  ┌─ demo/dead_values.c:7:13
  │
7 │     int w = a / b;
  │             ^^^^^ this value is computed but never used

warning: unused value
  ┌─ demo/dead_values.c:5:13
  │
5 │     int y = a - b;
  │             ^^^^^ this value is computed but never used

warning: unused value
   ┌─ demo/dead_values.c:12:17
   │
12 │         y = y - 1;
   │                 ^ this value is computed but never used

warning: unused value
   ┌─ demo/dead_values.c:12:13
   │
12 │         y = y - 1;
   │             ^^^^^ this value is computed but never used

